<?xml version="1.0" encoding="UTF-8"?>
<!-- Generated by org.testng.reporters.JUnitReportReporter -->
<testsuite hostname="SCO" name="POWNEW.POWNEW.AdminMenu" tests="1" failures="0" timestamp="29 Sep 2016 23:21:35 GMT" time="0.075" errors="0">
  <testcase name="verifyTitle" time="0.075" classname="POWNEW.POWNEW.AdminMenu"/>
</testsuite> <!-- POWNEW.POWNEW.AdminMenu -->
